

*******************************************************************************
Tue Oct 11 15:58:33 2016


FIT:    data read from 'md_result.cor' u 2:($7+$8+$9)
        format = x:z
        #datapoints = 2500
        residuals are weighted equally (unit weight)

function used for fitting: f(x)
fitted parameters initialized with current variable values



 Iteration 0
 WSSR        : 6.48781e+09       delta(WSSR)/WSSR   : 0
 delta(WSSR) : 0                 limit for stopping : 1e-05
 lambda	  : 0.0166979

initial set of free parameter values

a1              = 1
tau1            = 1
a2              = 1
tau2            = 1
a3              = 1
tau3            = 1
a4              = 1
tau4            = 1
a5              = 1
tau5            = 1
BREAK:          Undefined value during function evaluation



*******************************************************************************
Tue Oct 11 16:05:45 2016


FIT:    data read from 'md_result.cor' u 2:($7+$8+$9)
        format = x:z
        #datapoints = 2500
        residuals are weighted equally (unit weight)

function used for fitting: f(x)
fitted parameters initialized with current variable values

BREAK:          Undefined value during function evaluation



*******************************************************************************
Tue Oct 11 16:06:09 2016


FIT:    data read from 'md_result.cor' u 2:($7+$8+$9)
        format = x:z
        #datapoints = 2500
        residuals are weighted equally (unit weight)

function used for fitting: f(x)
fitted parameters initialized with current variable values



 Iteration 0
 WSSR        : 6.33659e+09       delta(WSSR)/WSSR   : 0
 delta(WSSR) : 0                 limit for stopping : 1e-05
 lambda	  : 9.954

initial set of free parameter values

a1              = 1538.01
tau1            = 1.15795
BREAK:          Undefined value during function evaluation



*******************************************************************************
Tue Oct 11 16:06:36 2016


FIT:    data read from 'md_result.cor' u 2:($7+$8+$9)
        format = x:z
        #datapoints = 2500
        residuals are weighted equally (unit weight)

function used for fitting: f(x)
fitted parameters initialized with current variable values

BREAK:          Undefined value during function evaluation



*******************************************************************************
Tue Oct 11 16:07:19 2016


FIT:    data read from 'md_result.cor' u 2:($7+$8+$9)
        format = x:z
        #datapoints = 2500
        residuals are weighted equally (unit weight)

function used for fitting: f(x)
fitted parameters initialized with current variable values

BREAK:          Undefined value during function evaluation



*******************************************************************************
Tue Oct 11 16:07:35 2016


FIT:    data read from 'md_result.cor' u 2:($7+$8+$9)
        format = x:z
        #datapoints = 2500
        residuals are weighted equally (unit weight)

function used for fitting: f(x)
fitted parameters initialized with current variable values

BREAK:          Undefined value during function evaluation



*******************************************************************************
Tue Oct 11 16:07:42 2016


FIT:    data read from 'md_result.cor' u 2:($7+$8+$9)
        format = x:z
        #datapoints = 2500
        residuals are weighted equally (unit weight)

function used for fitting: f(x)
fitted parameters initialized with current variable values

BREAK:          Undefined value during function evaluation



*******************************************************************************
Tue Oct 11 16:08:07 2016


FIT:    data read from 'md_result.cor' u 2:($7+$8+$9)
        format = x:z
        #datapoints = 2500
        residuals are weighted equally (unit weight)

function used for fitting: f(x)
fitted parameters initialized with current variable values

BREAK:          Undefined value during function evaluation



*******************************************************************************
Tue Oct 11 16:08:52 2016


FIT:    data read from 'md_result.cor' u 2:($7+$8+$9)
        format = x:z
        #datapoints = 2500
        residuals are weighted equally (unit weight)

function used for fitting: f(x)
fitted parameters initialized with current variable values



 Iteration 0
 WSSR        : 4.75579e+09       delta(WSSR)/WSSR   : 0
 delta(WSSR) : 0                 limit for stopping : 1e-05
 lambda	  : 206.796

initial set of free parameter values

a1              = 30000
tau1            = 1

After 11 iterations the fit converged.
final sum of squares of residuals : 9.66356e+08
rel. change during last iteration : -8.64556e-06

degrees of freedom    (FIT_NDF)                        : 2498
rms of residuals      (FIT_STDFIT) = sqrt(WSSR/ndf)    : 621.974
variance of residuals (reduced chisquare) = WSSR/ndf   : 386852

Final set of parameters            Asymptotic Standard Error
=======================            ==========================

a1              = 36616.6          +/- 406.2        (1.109%)
tau1            = 7.19045          +/- 0.1208       (1.68%)


correlation matrix of the fit parameters:

               a1     tau1   
a1              1.000 
tau1           -0.656  1.000 


*******************************************************************************
Tue Oct 11 16:11:00 2016


FIT:    data read from 'md_result.cor' u 2:($7+$8+$9)
        format = x:z
        #datapoints = 2500
        residuals are weighted equally (unit weight)

function used for fitting: f(x)
fitted parameters initialized with current variable values



 Iteration 0
 WSSR        : 4.75579e+09       delta(WSSR)/WSSR   : 0
 delta(WSSR) : 0                 limit for stopping : 1e-05
 lambda	  : 206.796

initial set of free parameter values

a1              = 30000
tau1            = 1

After 11 iterations the fit converged.
final sum of squares of residuals : 9.66356e+08
rel. change during last iteration : -8.64556e-06

degrees of freedom    (FIT_NDF)                        : 2498
rms of residuals      (FIT_STDFIT) = sqrt(WSSR/ndf)    : 621.974
variance of residuals (reduced chisquare) = WSSR/ndf   : 386852

Final set of parameters            Asymptotic Standard Error
=======================            ==========================

a1              = 36616.6          +/- 406.2        (1.109%)
tau1            = 7.19045          +/- 0.1208       (1.68%)


correlation matrix of the fit parameters:

               a1     tau1   
a1              1.000 
tau1           -0.656  1.000 


*******************************************************************************
Tue Oct 11 16:11:12 2016


FIT:    data read from 'md_result.cor' u 2:($7+$8+$9)
        format = x:z
        #datapoints = 2500
        residuals are weighted equally (unit weight)

function used for fitting: f(x)
fitted parameters initialized with current variable values



 Iteration 0
 WSSR        : 4.75579e+09       delta(WSSR)/WSSR   : 0
 delta(WSSR) : 0                 limit for stopping : 1e-05
 lambda	  : 206.796

initial set of free parameter values

a1              = 30000
tau1            = 1

After 11 iterations the fit converged.
final sum of squares of residuals : 9.66356e+08
rel. change during last iteration : -8.64556e-06

degrees of freedom    (FIT_NDF)                        : 2498
rms of residuals      (FIT_STDFIT) = sqrt(WSSR/ndf)    : 621.974
variance of residuals (reduced chisquare) = WSSR/ndf   : 386852

Final set of parameters            Asymptotic Standard Error
=======================            ==========================

a1              = 36616.6          +/- 406.2        (1.109%)
tau1            = 7.19045          +/- 0.1208       (1.68%)


correlation matrix of the fit parameters:

               a1     tau1   
a1              1.000 
tau1           -0.656  1.000 


*******************************************************************************
Tue Oct 11 16:11:12 2016


FIT:    data read from 'md_result.cor' u 2:($7+$8+$9)
        format = x:z
        #datapoints = 2500
        residuals are weighted equally (unit weight)

function used for fitting: f(x)
fitted parameters initialized with current variable values



 Iteration 0
 WSSR        : 2.4653e+09        delta(WSSR)/WSSR   : 0
 delta(WSSR) : 0                 limit for stopping : 1e-05
 lambda	  : 161.374

initial set of free parameter values

a1              = 36616.6
tau1            = 7.19045
a2              = 30000
tau2            = 1
BREAK:          Undefined value during function evaluation



*******************************************************************************
Tue Oct 11 16:11:56 2016


FIT:    data read from 'md_result.cor' u 2:($7+$8+$9)
        format = x:z
        #datapoints = 2500
        residuals are weighted equally (unit weight)

function used for fitting: f(x)
fitted parameters initialized with current variable values



 Iteration 0
 WSSR        : 4.75579e+09       delta(WSSR)/WSSR   : 0
 delta(WSSR) : 0                 limit for stopping : 1e-05
 lambda	  : 206.796

initial set of free parameter values

a1              = 30000
tau1            = 1

After 11 iterations the fit converged.
final sum of squares of residuals : 9.66356e+08
rel. change during last iteration : -8.64556e-06

degrees of freedom    (FIT_NDF)                        : 2498
rms of residuals      (FIT_STDFIT) = sqrt(WSSR/ndf)    : 621.974
variance of residuals (reduced chisquare) = WSSR/ndf   : 386852

Final set of parameters            Asymptotic Standard Error
=======================            ==========================

a1              = 36616.6          +/- 406.2        (1.109%)
tau1            = 7.19045          +/- 0.1208       (1.68%)


correlation matrix of the fit parameters:

               a1     tau1   
a1              1.000 
tau1           -0.656  1.000 


*******************************************************************************
Tue Oct 11 16:11:56 2016


FIT:    data read from 'md_result.cor' u 2:($7+$8+$9)
        format = x:z
        #datapoints = 2500
        residuals are weighted equally (unit weight)

function used for fitting: f(x)
fitted parameters initialized with current variable values



 Iteration 0
 WSSR        : 2.4653e+09        delta(WSSR)/WSSR   : 0
 delta(WSSR) : 0                 limit for stopping : 1e-05
 lambda	  : 161.374

initial set of free parameter values

a1              = 36616.6
tau1            = 7.19045
a2              = 30000
tau2            = 1
BREAK:          Undefined value during function evaluation



*******************************************************************************
Tue Oct 11 16:12:37 2016


FIT:    data read from 'md_result.cor' u 2:($7+$8+$9)
        format = x:z
        #datapoints = 2500
        residuals are weighted equally (unit weight)

function used for fitting: f(x)
fitted parameters initialized with current variable values



 Iteration 0
 WSSR        : 4.75579e+09       delta(WSSR)/WSSR   : 0
 delta(WSSR) : 0                 limit for stopping : 1e-05
 lambda	  : 206.796

initial set of free parameter values

a1              = 30000
tau1            = 1

After 11 iterations the fit converged.
final sum of squares of residuals : 9.66356e+08
rel. change during last iteration : -8.64556e-06

degrees of freedom    (FIT_NDF)                        : 2498
rms of residuals      (FIT_STDFIT) = sqrt(WSSR/ndf)    : 621.974
variance of residuals (reduced chisquare) = WSSR/ndf   : 386852

Final set of parameters            Asymptotic Standard Error
=======================            ==========================

a1              = 36616.6          +/- 406.2        (1.109%)
tau1            = 7.19045          +/- 0.1208       (1.68%)


correlation matrix of the fit parameters:

               a1     tau1   
a1              1.000 
tau1           -0.656  1.000 


*******************************************************************************
Tue Oct 11 16:12:37 2016


FIT:    data read from 'md_result.cor' u 2:($7+$8+$9)
        format = x:z
        #datapoints = 2500
        residuals are weighted equally (unit weight)

function used for fitting: f(x)
fitted parameters initialized with current variable values



 Iteration 0
 WSSR        : 2.02826e+09       delta(WSSR)/WSSR   : 0
 delta(WSSR) : 0                 limit for stopping : 1e-05
 lambda	  : 80.687

initial set of free parameter values

a1              = 18308.3
tau1            = 7.19045
a2              = 15000
tau2            = 1
BREAK:          Undefined value during function evaluation



*******************************************************************************
Tue Oct 11 16:13:09 2016


FIT:    data read from 'md_result.cor' u 2:($7+$8+$9)
        format = x:z
        #datapoints = 2500
        residuals are weighted equally (unit weight)

function used for fitting: f(x)
fitted parameters initialized with current variable values



 Iteration 0
 WSSR        : 4.75579e+09       delta(WSSR)/WSSR   : 0
 delta(WSSR) : 0                 limit for stopping : 1e-05
 lambda	  : 206.796

initial set of free parameter values

a1              = 30000
tau1            = 1

After 11 iterations the fit converged.
final sum of squares of residuals : 9.66356e+08
rel. change during last iteration : -8.64556e-06

degrees of freedom    (FIT_NDF)                        : 2498
rms of residuals      (FIT_STDFIT) = sqrt(WSSR/ndf)    : 621.974
variance of residuals (reduced chisquare) = WSSR/ndf   : 386852

Final set of parameters            Asymptotic Standard Error
=======================            ==========================

a1              = 36616.6          +/- 406.2        (1.109%)
tau1            = 7.19045          +/- 0.1208       (1.68%)


correlation matrix of the fit parameters:

               a1     tau1   
a1              1.000 
tau1           -0.656  1.000 


*******************************************************************************
Tue Oct 11 16:13:09 2016


FIT:    data read from 'md_result.cor' u 2:($7+$8+$9)
        format = x:z
        #datapoints = 2500
        residuals are weighted equally (unit weight)

function used for fitting: f(x)
fitted parameters initialized with current variable values



 Iteration 0
 WSSR        : 2.02826e+09       delta(WSSR)/WSSR   : 0
 delta(WSSR) : 0                 limit for stopping : 1e-05
 lambda	  : 80.687

initial set of free parameter values

a1              = 18308.3
tau1            = 7.19045
a2              = 15000
tau2            = 1
BREAK:          Undefined value during function evaluation



*******************************************************************************
Tue Oct 11 16:13:39 2016


FIT:    data read from 'md_result.cor' u 2:($7+$8+$9)
        format = x:z
        #datapoints = 2500
        residuals are weighted equally (unit weight)

function used for fitting: f(x)
fitted parameters initialized with current variable values



 Iteration 0
 WSSR        : 4.75579e+09       delta(WSSR)/WSSR   : 0
 delta(WSSR) : 0                 limit for stopping : 1e-05
 lambda	  : 206.796

initial set of free parameter values

a1              = 30000
tau1            = 1

After 11 iterations the fit converged.
final sum of squares of residuals : 9.66356e+08
rel. change during last iteration : -8.64556e-06

degrees of freedom    (FIT_NDF)                        : 2498
rms of residuals      (FIT_STDFIT) = sqrt(WSSR/ndf)    : 621.974
variance of residuals (reduced chisquare) = WSSR/ndf   : 386852

Final set of parameters            Asymptotic Standard Error
=======================            ==========================

a1              = 36616.6          +/- 406.2        (1.109%)
tau1            = 7.19045          +/- 0.1208       (1.68%)


correlation matrix of the fit parameters:

               a1     tau1   
a1              1.000 
tau1           -0.656  1.000 


*******************************************************************************
Tue Oct 11 16:16:55 2016


FIT:    data read from 'md_result.cor' u 2:($7+$8+$9)
        format = x:z
        #datapoints = 2500
        residuals are weighted equally (unit weight)

function used for fitting: f(x)
fitted parameters initialized with current variable values



*******************************************************************************
Tue Oct 11 16:17:02 2016


FIT:    data read from 'md_result.cor' u 2:($7+$8+$9)
        format = x:z
        #datapoints = 2500
        residuals are weighted equally (unit weight)

function used for fitting: f(x)
fitted parameters initialized with current variable values



 Iteration 0
 WSSR        : 5.48857e+09       delta(WSSR)/WSSR   : 0
 delta(WSSR) : 0                 limit for stopping : 1e-05
 lambda	  : 168.763

initial set of free parameter values

a1              = 30000
tau1            = 1
tau11           = 1
BREAK:          Undefined value during function evaluation



*******************************************************************************
Tue Oct 11 16:19:20 2016


FIT:    data read from 'md_result.cor' u 2:($7+$8+$9)
        format = x:z
        #datapoints = 2500
        residuals are weighted equally (unit weight)

function used for fitting: f(x)
fitted parameters initialized with current variable values



 Iteration 0
 WSSR        : 5.48857e+09       delta(WSSR)/WSSR   : 0
 delta(WSSR) : 0                 limit for stopping : 1e-05
 lambda	  : 168.763

initial set of free parameter values

a1              = 30000
tau1            = 1
tau11           = 1
BREAK:          Undefined value during function evaluation



*******************************************************************************
Tue Oct 11 16:19:24 2016


FIT:    data read from 'md_result.cor' u 2:($7+$8+$9)
        format = x:z
        #datapoints = 2500
        residuals are weighted equally (unit weight)

function used for fitting: f(x)
fitted parameters initialized with current variable values



 Iteration 0
 WSSR        : 5.48857e+09       delta(WSSR)/WSSR   : 0
 delta(WSSR) : 0                 limit for stopping : 1e-05
 lambda	  : 168.763

initial set of free parameter values

a1              = 30000
tau1            = 1
tau11           = 1
BREAK:          Undefined value during function evaluation



*******************************************************************************
Tue Oct 11 16:19:58 2016


FIT:    data read from 'md_result.cor' u 2:($7+$8+$9)
        format = x:z
        #datapoints = 2500
        residuals are weighted equally (unit weight)

function used for fitting: f(x)
fitted parameters initialized with current variable values



 Iteration 0
 WSSR        : 4.75579e+09       delta(WSSR)/WSSR   : 0
 delta(WSSR) : 0                 limit for stopping : 1e-05
 lambda	  : 206.796

initial set of free parameter values

a1              = 30000
tau1            = 1

After 11 iterations the fit converged.
final sum of squares of residuals : 9.66356e+08
rel. change during last iteration : -8.64556e-06

degrees of freedom    (FIT_NDF)                        : 2498
rms of residuals      (FIT_STDFIT) = sqrt(WSSR/ndf)    : 621.974
variance of residuals (reduced chisquare) = WSSR/ndf   : 386852

Final set of parameters            Asymptotic Standard Error
=======================            ==========================

a1              = 36616.6          +/- 406.2        (1.109%)
tau1            = 7.19045          +/- 0.1208       (1.68%)


correlation matrix of the fit parameters:

               a1     tau1   
a1              1.000 
tau1           -0.656  1.000 


*******************************************************************************
Tue Oct 11 16:20:20 2016


FIT:    data read from 'md_result.cor' u 2:($7+$8+$9)
        format = x:z
        #datapoints = 2500
        residuals are weighted equally (unit weight)

function used for fitting: f(x)
fitted parameters initialized with current variable values



 Iteration 0
 WSSR        : 5.48857e+09       delta(WSSR)/WSSR   : 0
 delta(WSSR) : 0                 limit for stopping : 1e-05
 lambda	  : 168.763

initial set of free parameter values

a1              = 30000
tau1            = 1
tau11           = 1
BREAK:          Undefined value during function evaluation



*******************************************************************************
Tue Oct 11 16:20:24 2016


FIT:    data read from 'md_result.cor' u 2:($7+$8+$9)
        format = x:z
        #datapoints = 2500
        residuals are weighted equally (unit weight)

function used for fitting: f(x)
fitted parameters initialized with current variable values



 Iteration 0
 WSSR        : 5.03536e+09       delta(WSSR)/WSSR   : 0
 delta(WSSR) : 0                 limit for stopping : 1e-05
 lambda	  : 126.997

initial set of free parameter values

a1              = 30000
tau1            = 1
tau11           = 2
BREAK:          Undefined value during function evaluation



*******************************************************************************
Tue Oct 11 16:20:38 2016


FIT:    data read from 'md_result.cor' u 2:($7+$8+$9)
        format = x:z
        #datapoints = 2500
        residuals are weighted equally (unit weight)

function used for fitting: f(x)
fitted parameters initialized with current variable values



 Iteration 0
 WSSR        : 5.03536e+09       delta(WSSR)/WSSR   : 0
 delta(WSSR) : 0                 limit for stopping : 1e-05
 lambda	  : 126.997

initial set of free parameter values

a1              = 30000
tau1            = 1
tau11           = 2
BREAK:          Undefined value during function evaluation



*******************************************************************************
Tue Oct 11 16:20:59 2016


FIT:    data read from 'md_result.cor' u 2:($7+$8+$9)
        format = x:z
        #datapoints = 2500
        residuals are weighted equally (unit weight)

function used for fitting: f(x)
fitted parameters initialized with current variable values



 Iteration 0
 WSSR        : 5.03536e+09       delta(WSSR)/WSSR   : 0
 delta(WSSR) : 0                 limit for stopping : 1e-05
 lambda	  : 126.997

initial set of free parameter values

a1              = 30000
tau1            = 1
tau11           = 2
BREAK:          Undefined value during function evaluation



*******************************************************************************
Tue Oct 11 16:24:43 2016


FIT:    data read from 'md_result.cor' u 2:($7+$8+$9)
        format = x:z
        #datapoints = 2500
        residuals are weighted equally (unit weight)

function used for fitting: f(x)
fitted parameters initialized with current variable values



 Iteration 0
 WSSR        : 6.11216e+10       delta(WSSR)/WSSR   : 0
 delta(WSSR) : 0                 limit for stopping : 1e-05
 lambda	  : 3965.86

initial set of free parameter values

a1              = 30000
a2              = 7000
tau1            = 5
tau2            = 30

The maximum lambda = 1.000000e+20 was exceeded. Fit stopped.
final sum of squares of residuals : 6.11216e+10
rel. change during last iteration : 0

degrees of freedom    (FIT_NDF)                        : 2496
rms of residuals      (FIT_STDFIT) = sqrt(WSSR/ndf)    : 4948.52
variance of residuals (reduced chisquare) = WSSR/ndf   : 2.44878e+07

Final set of parameters            Asymptotic Standard Error
=======================            ==========================

a1              = 30000            +/- 3672         (12.24%)
a2              = 7000             +/- 141          (2.014%)
tau1            = 5                +/- 0.9565       (19.13%)
tau2            = 30               +/- 0.01248      (0.0416%)


correlation matrix of the fit parameters:

               a1     a2     tau1   tau2   
a1              1.000 
a2             -0.018  1.000 
tau1           -0.630 -0.079  1.000 
tau2           -0.000  0.014 -0.002  1.000 


*******************************************************************************
Tue Oct 11 16:24:56 2016


FIT:    data read from 'md_result.cor' u 2:($7+$8+$9)
        format = x:z
        #datapoints = 2500
        residuals are weighted equally (unit weight)

function used for fitting: f(x)
fitted parameters initialized with current variable values



 Iteration 0
 WSSR        : 6.11216e+10       delta(WSSR)/WSSR   : 0
 delta(WSSR) : 0                 limit for stopping : 1e-05
 lambda	  : 3965.86

initial set of free parameter values

a1              = 30000
a2              = 7000
tau1            = 5
tau2            = 30

The maximum lambda = 1.000000e+20 was exceeded. Fit stopped.
final sum of squares of residuals : 6.11216e+10
rel. change during last iteration : 0

degrees of freedom    (FIT_NDF)                        : 2496
rms of residuals      (FIT_STDFIT) = sqrt(WSSR/ndf)    : 4948.52
variance of residuals (reduced chisquare) = WSSR/ndf   : 2.44878e+07

Final set of parameters            Asymptotic Standard Error
=======================            ==========================

a1              = 30000            +/- 3672         (12.24%)
a2              = 7000             +/- 141          (2.014%)
tau1            = 5                +/- 0.9565       (19.13%)
tau2            = 30               +/- 0.01248      (0.0416%)


correlation matrix of the fit parameters:

               a1     a2     tau1   tau2   
a1              1.000 
a2             -0.018  1.000 
tau1           -0.630 -0.079  1.000 
tau2           -0.000  0.014 -0.002  1.000 


*******************************************************************************
Tue Oct 11 16:24:57 2016


FIT:    data read from 'md_result.cor' u 2:($7+$8+$9)
        format = x:z
        #datapoints = 2500
        residuals are weighted equally (unit weight)

function used for fitting: f(x)
fitted parameters initialized with current variable values



 Iteration 0
 WSSR        : 6.11216e+10       delta(WSSR)/WSSR   : 0
 delta(WSSR) : 0                 limit for stopping : 1e-05
 lambda	  : 3965.86

initial set of free parameter values

a1              = 30000
a2              = 7000
tau1            = 5
tau2            = 30

The maximum lambda = 1.000000e+20 was exceeded. Fit stopped.
final sum of squares of residuals : 6.11216e+10
rel. change during last iteration : 0

degrees of freedom    (FIT_NDF)                        : 2496
rms of residuals      (FIT_STDFIT) = sqrt(WSSR/ndf)    : 4948.52
variance of residuals (reduced chisquare) = WSSR/ndf   : 2.44878e+07

Final set of parameters            Asymptotic Standard Error
=======================            ==========================

a1              = 30000            +/- 3672         (12.24%)
a2              = 7000             +/- 141          (2.014%)
tau1            = 5                +/- 0.9565       (19.13%)
tau2            = 30               +/- 0.01248      (0.0416%)


correlation matrix of the fit parameters:

               a1     a2     tau1   tau2   
a1              1.000 
a2             -0.018  1.000 
tau1           -0.630 -0.079  1.000 
tau2           -0.000  0.014 -0.002  1.000 


*******************************************************************************
Tue Oct 11 16:24:59 2016


FIT:    data read from 'md_result.cor' u 2:($7+$8+$9)
        format = x:z
        #datapoints = 2500
        residuals are weighted equally (unit weight)

function used for fitting: f(x)
fitted parameters initialized with current variable values



 Iteration 0
 WSSR        : 6.11216e+10       delta(WSSR)/WSSR   : 0
 delta(WSSR) : 0                 limit for stopping : 1e-05
 lambda	  : 3965.86

initial set of free parameter values

a1              = 30000
a2              = 7000
tau1            = 5
tau2            = 30

The maximum lambda = 1.000000e+20 was exceeded. Fit stopped.
final sum of squares of residuals : 6.11216e+10
rel. change during last iteration : 0

degrees of freedom    (FIT_NDF)                        : 2496
rms of residuals      (FIT_STDFIT) = sqrt(WSSR/ndf)    : 4948.52
variance of residuals (reduced chisquare) = WSSR/ndf   : 2.44878e+07

Final set of parameters            Asymptotic Standard Error
=======================            ==========================

a1              = 30000            +/- 3672         (12.24%)
a2              = 7000             +/- 141          (2.014%)
tau1            = 5                +/- 0.9565       (19.13%)
tau2            = 30               +/- 0.01248      (0.0416%)


correlation matrix of the fit parameters:

               a1     a2     tau1   tau2   
a1              1.000 
a2             -0.018  1.000 
tau1           -0.630 -0.079  1.000 
tau2           -0.000  0.014 -0.002  1.000 


*******************************************************************************
Tue Oct 11 16:25:01 2016


FIT:    data read from 'md_result.cor' u 2:($7+$8+$9)
        format = x:z
        #datapoints = 2500
        residuals are weighted equally (unit weight)

function used for fitting: f(x)
fitted parameters initialized with current variable values



 Iteration 0
 WSSR        : 6.11216e+10       delta(WSSR)/WSSR   : 0
 delta(WSSR) : 0                 limit for stopping : 1e-05
 lambda	  : 3965.86

initial set of free parameter values

a1              = 30000
a2              = 7000
tau1            = 5
tau2            = 30

The maximum lambda = 1.000000e+20 was exceeded. Fit stopped.
final sum of squares of residuals : 6.11216e+10
rel. change during last iteration : 0

degrees of freedom    (FIT_NDF)                        : 2496
rms of residuals      (FIT_STDFIT) = sqrt(WSSR/ndf)    : 4948.52
variance of residuals (reduced chisquare) = WSSR/ndf   : 2.44878e+07

Final set of parameters            Asymptotic Standard Error
=======================            ==========================

a1              = 30000            +/- 3672         (12.24%)
a2              = 7000             +/- 141          (2.014%)
tau1            = 5                +/- 0.9565       (19.13%)
tau2            = 30               +/- 0.01248      (0.0416%)


correlation matrix of the fit parameters:

               a1     a2     tau1   tau2   
a1              1.000 
a2             -0.018  1.000 
tau1           -0.630 -0.079  1.000 
tau2           -0.000  0.014 -0.002  1.000 


*******************************************************************************
Tue Oct 11 16:25:49 2016


FIT:    data read from 'md_result.cor' u 2:($7+$8+$9)
        format = x:z
        #datapoints = 2500
        residuals are weighted equally (unit weight)

function used for fitting: f(x)
fitted parameters initialized with current variable values



 Iteration 0
 WSSR        : 1.1665e+09        delta(WSSR)/WSSR   : 0
 delta(WSSR) : 0                 limit for stopping : 1e-05
 lambda	  : 60.2532

initial set of free parameter values

a1              = 30000
a2              = 7000
tau1            = 5
tau2            = 30
tau3            = 30
BREAK:          Undefined value during function evaluation

